0 info it worked if it ends with ok
1 verbose cli [ '/usr/local/bin/node',
1 verbose cli   '/usr/local/bin/npm',
1 verbose cli   'run',
1 verbose cli   'e2e:setup' ]
2 info using npm@3.10.10
3 info using node@v6.11.0
4 verbose run-script [ 'pree2e:setup', 'e2e:setup', 'poste2e:setup' ]
5 info lifecycle nightwatch@1.0.0~pree2e:setup: nightwatch@1.0.0
6 silly lifecycle nightwatch@1.0.0~pree2e:setup: no script for pree2e:setup, continuing
7 info lifecycle nightwatch@1.0.0~e2e:setup: nightwatch@1.0.0
8 verbose lifecycle nightwatch@1.0.0~e2e:setup: unsafe-perm in lifecycle true
9 verbose lifecycle nightwatch@1.0.0~e2e:setup: PATH: /usr/local/lib/node_modules/npm/bin/node-gyp-bin:/Users/mariana.sandoval/Desktop/SDET/nightwatch/node_modules/.bin:/usr/local/bin:/usr/bin:/bin:/usr/sbin:/sbin:/usr/local/share/dotnet:~/.dotnet/tools:/Library/Frameworks/Mono.framework/Versions/Current/Commands
10 verbose lifecycle nightwatch@1.0.0~e2e:setup: CWD: /Users/mariana.sandoval/Desktop/SDET/nightwatch
11 silly lifecycle nightwatch@1.0.0~e2e:setup: Args: [ '-c', 'node selenium-setup' ]
12 silly lifecycle nightwatch@1.0.0~e2e:setup: Returned: code: 1  signal: null
13 info lifecycle nightwatch@1.0.0~e2e:setup: Failed to exec e2e:setup script
14 verbose stack Error: nightwatch@1.0.0 e2e:setup: `node selenium-setup`
14 verbose stack Exit status 1
14 verbose stack     at EventEmitter.<anonymous> (/usr/local/lib/node_modules/npm/lib/utils/lifecycle.js:255:16)
14 verbose stack     at emitTwo (events.js:106:13)
14 verbose stack     at EventEmitter.emit (events.js:191:7)
14 verbose stack     at ChildProcess.<anonymous> (/usr/local/lib/node_modules/npm/lib/utils/spawn.js:40:14)
14 verbose stack     at emitTwo (events.js:106:13)
14 verbose stack     at ChildProcess.emit (events.js:191:7)
14 verbose stack     at maybeClose (internal/child_process.js:891:16)
14 verbose stack     at Process.ChildProcess._handle.onexit (internal/child_process.js:226:5)
15 verbose pkgid nightwatch@1.0.0
16 verbose cwd /Users/mariana.sandoval/Desktop/SDET/nightwatch
17 error Darwin 16.7.0
18 error argv "/usr/local/bin/node" "/usr/local/bin/npm" "run" "e2e:setup"
19 error node v6.11.0
20 error npm  v3.10.10
21 error code ELIFECYCLE
22 error nightwatch@1.0.0 e2e:setup: `node selenium-setup`
22 error Exit status 1
23 error Failed at the nightwatch@1.0.0 e2e:setup script 'node selenium-setup'.
23 error Make sure you have the latest version of node.js and npm installed.
23 error If you do, this is most likely a problem with the nightwatch package,
23 error not with npm itself.
23 error Tell the author that this fails on your system:
23 error     node selenium-setup
23 error You can get information on how to open an issue for this project with:
23 error     npm bugs nightwatch
23 error Or if that isn't available, you can get their info via:
23 error     npm owner ls nightwatch
23 error There is likely additional logging output above.
24 verbose exit [ 1, true ]
